\BOOKMARK [1][-]{section.1}{Introducci\363n}{}% 1
\BOOKMARK [2][-]{subsection.1.1}{Rob\363tica}{section.1}% 2
\BOOKMARK [3][-]{subsubsection.1.1.1}{Localizaci\363n}{subsection.1.1}% 3
\BOOKMARK [2][-]{subsection.1.2}{Visi\363n artificial}{section.1}% 4
\BOOKMARK [3][-]{subsubsection.1.2.1}{Autolocalizaci\363n visual}{subsection.1.2}% 5
\BOOKMARK [2][-]{subsection.1.3}{Realidad aumentada}{section.1}% 6
\BOOKMARK [1][-]{section.2}{M\351todos de autolocalizaci\363n visual}{}% 7
\BOOKMARK [2][-]{subsection.2.1}{Balizas artificiales}{section.2}% 8
\BOOKMARK [3][-]{subsubsection.2.1.1}{Perspective-n-Points}{subsection.2.1}% 9
\BOOKMARK [2][-]{subsection.2.2}{M\351todos geom\351tricos}{section.2}% 10
\BOOKMARK [2][-]{subsection.2.3}{M\351todos probabil\355sticos}{section.2}% 11
\BOOKMARK [3][-]{subsubsection.2.3.1}{M\351todos evolutivos}{subsection.2.3}% 12
\BOOKMARK [2][-]{subsection.2.4}{VisualSlam}{section.2}% 13
\BOOKMARK [1][-]{section.3}{Algoritmos de visualSlam}{}% 14
\BOOKMARK [2][-]{subsection.3.1}{MonoSlam}{section.3}% 15
\BOOKMARK [3][-]{subsubsection.3.1.1}{Funcionamiento}{subsection.3.1}% 16
\BOOKMARK [3][-]{subsubsection.3.1.2}{Resultados}{subsection.3.1}% 17
\BOOKMARK [2][-]{subsection.3.2}{PTAM}{section.3}% 18
\BOOKMARK [3][-]{subsubsection.3.2.1}{Funcionamiento}{subsection.3.2}% 19
\BOOKMARK [3][-]{subsubsection.3.2.2}{Resultados}{subsection.3.2}% 20
\BOOKMARK [2][-]{subsection.3.3}{Basados en m\351todos directos}{section.3}% 21
\BOOKMARK [2][-]{subsection.3.4}{SVO}{section.3}% 22
\BOOKMARK [3][-]{subsubsection.3.4.1}{Funcionamiento}{subsection.3.4}% 23
\BOOKMARK [3][-]{subsubsection.3.4.2}{Resultados}{subsection.3.4}% 24
\BOOKMARK [2][-]{subsection.3.5}{LSD-Slam}{section.3}% 25
\BOOKMARK [3][-]{subsubsection.3.5.1}{Funcionamiento}{subsection.3.5}% 26
\BOOKMARK [3][-]{subsubsection.3.5.2}{Resultados}{subsection.3.5}% 27
\BOOKMARK [2][-]{subsection.3.6}{ORB-SLAM}{section.3}% 28
\BOOKMARK [3][-]{subsubsection.3.6.1}{Funcionamiento}{subsection.3.6}% 29
\BOOKMARK [3][-]{subsubsection.3.6.2}{Resultados}{subsection.3.6}% 30
\BOOKMARK [1][-]{section.4}{Benchmarks}{}% 31
\BOOKMARK [1][-]{section.5}{Conclusiones}{}% 32
\BOOKMARK [2][-]{subsection.5.1}{Trabajo futuro}{section.5}% 33
